\BOOKMARK [1][]{section*.1}{\376\377\000E\000d\000u\000c\000a\000t\000i\000o\000n}{}% 1
\BOOKMARK [1][]{section*.2}{\376\377\000E\000x\000p\000e\000r\000i\000e\000n\000c\000e}{}% 2
\BOOKMARK [2][]{section*.3}{\376\377\000R\000e\000s\000e\000a\000r\000c\000h\000:}{section*.2}% 3
\BOOKMARK [2][]{section*.4}{\376\377\000T\000e\000a\000c\000h\000i\000n\000g\000:}{section*.2}% 4
\BOOKMARK [2][]{section*.5}{\376\377\000M\000i\000s\000c\000e\000l\000l\000a\000n\000e\000o\000u\000s\000:}{section*.2}% 5
\BOOKMARK [1][]{section*.6}{\376\377\000A\000w\000a\000r\000d\000s\000\040\000a\000n\000d\000\040\000h\000o\000n\000o\000r\000s}{}% 6
\BOOKMARK [1][]{section*.7}{\376\377\000I\000n\000v\000i\000t\000e\000d\000\040\000T\000a\000l\000k\000s}{}% 7
\BOOKMARK [2][]{section*.8}{\376\377\000P\000r\000e\000s\000e\000n\000t\000a\000t\000i\000o\000n\000s\000:}{section*.7}% 8
\BOOKMARK [1][]{section*.9}{\376\377\000P\000u\000b\000l\000i\000c\000a\000t\000i\000o\000n\000s}{}% 9
\BOOKMARK [2][]{section*.10}{\376\377\000J\000o\000u\000r\000n\000a\000l\000s\000\040\000U\000n\000d\000e\000r\000\040\000R\000e\000v\000i\000e\000w}{section*.9}% 10
\BOOKMARK [2][]{section*.11}{\376\377\000J\000o\000u\000r\000n\000a\000l\000s\000\040\000u\000n\000d\000e\000r\000\040\000p\000r\000e\000p\000r\000a\000r\000a\000t\000i\000o\000n}{section*.9}% 11
\BOOKMARK [2][]{section*.12}{\376\377\000R\000e\000f\000e\000r\000e\000e\000d\000\040\000C\000o\000n\000f\000e\000r\000e\000n\000c\000e\000\040\000P\000a\000p\000e\000r\000s}{section*.9}% 12
\BOOKMARK [1][]{section*.13}{\376\377\000A\000b\000s\000t\000r\000a\000c\000t\000s\000:}{}% 13
\BOOKMARK [1][]{section*.14}{\376\377\000T\000e\000c\000h\000\040\000R\000e\000p\000o\000r\000t\000s\000:}{}% 14
\BOOKMARK [1][]{section*.15}{\376\377\000P\000o\000s\000t\000e\000r\000\040\000P\000r\000e\000s\000e\000n\000t\000a\000t\000i\000o\000n\000s\000:}{}% 15
\BOOKMARK [1][]{section*.16}{\376\377\000R\000e\000l\000e\000v\000a\000n\000t\000\040\000C\000o\000u\000r\000s\000e\000w\000o\000r\000k}{}% 16
\BOOKMARK [1][]{section*.17}{\376\377\000S\000e\000l\000e\000c\000t\000\040\000s\000e\000r\000v\000i\000c\000e\000s\000\040\000a\000n\000d\000\040\000l\000e\000a\000d\000e\000r\000s\000h\000i\000p}{}% 17
\BOOKMARK [2][]{section*.18}{\376\377\000J\000o\000u\000n\000a\000l\000s\000/\000c\000o\000n\000f\000e\000r\000e\000n\000c\000e\000s\000\040\000p\000e\000e\000r\000\040\000r\000e\000v\000i\000e\000w\000i\000n\000g\000\040\000a\000c\000t\000i\000v\000i\000t\000i\000e\000s}{section*.17}% 18
\BOOKMARK [2][]{section*.19}{\376\377\000M\000i\000s\000c\000e\000l\000l\000a\000n\000e\000o\000u\000s}{section*.17}% 19
\BOOKMARK [1][]{section*.20}{\376\377\000M\000e\000n\000t\000o\000r\000i\000n\000g}{}% 20
\BOOKMARK [2][]{section*.21}{\376\377\000U\000n\000d\000e\000r\000g\000r\000a\000d\000u\000a\000t\000e\000\040\000m\000e\000n\000t\000o\000r\000i\000n\000g\000:}{section*.20}% 21
\BOOKMARK [2][]{section*.22}{\376\377\000M\000a\000s\000t\000e\000r\000s\000\040\000m\000e\000n\000t\000o\000r\000i\000n\000g\000:}{section*.20}% 22
\BOOKMARK [1][]{section*.23}{\376\377\000C\000o\000m\000p\000u\000t\000i\000n\000g}{}% 23
\BOOKMARK [1][]{section*.24}{\376\377\000S\000e\000l\000e\000c\000t\000\040\000O\000p\000e\000n\000S\000o\000u\000r\000c\000e\000\040\000P\000r\000o\000j\000e\000c\000t\000s}{}% 24
\BOOKMARK [1][]{section*.25}{\376\377\000L\000a\000n\000g\000u\000a\000g\000e\000s}{}% 25
